<?xml version="1.0" encoding="UTF-8"?>
<testsuite name="ValidationDossierSpecs" tests="4" skipped="0" failures="0" errors="0" timestamp="2022-10-13T13:31:01" hostname="Mac-Studio-de-Martial.local" time="0.018">
  <properties/>
  <testcase name="Quand j'acte la liste des organismes, j'attends à avoir la liste établie" classname="ValidationDossierSpecs" time="0.011"/>
  <testcase name="Quand un organisme valide, j'attends à avoir un event organisme validé" classname="ValidationDossierSpecs" time="0.001"/>
  <testcase name="Quand deuxième organisme valide, j'attends à avoir un event organisme validé et dossier validé" classname="ValidationDossierSpecs" time="0.0"/>
  <testcase name="Quand organisme A valide une deuxième fois, j'attends à avoir aucun event" classname="ValidationDossierSpecs" time="0.0"/>
  <system-out><![CDATA[]]></system-out>
  <system-err><![CDATA[]]></system-err>
</testsuite>
